Base path: '/Applications/Unity/Hub/Editor/2019.4.20f1/Unity.app/Contents', plugins path '/Applications/Unity/Hub/Editor/2019.4.20f1/PlaybackEngines'
Cmd: initializeCompiler
Cmd: compileComputeKernel
  api=4 insize=18785 outsize=10442 ok=1
Cmd: compileComputeKernel
  api=14 insize=18785 outsize=9505 ok=1
Cmd: compileComputeKernel
  api=14 insize=18785 outsize=11282 ok=1
Cmd: translateComputeKernel
  api=14 insize=9597 outsize=16417 ok=1
Cmd: compileComputeKernel
  api=14 insize=1280 outsize=1412 ok=1
Cmd: compileComputeKernel
  api=14 insize=5194 outsize=5525 ok=1
Cmd: translateComputeKernel
  api=14 insize=7304 outsize=11329 ok=1
Cmd: compileComputeKernel
  api=14 insize=1972 outsize=1153 ok=1
Cmd: compileComputeKernel
  api=4 insize=11230 outsize=10429 ok=1
Cmd: compileComputeKernel
  api=4 insize=2174 outsize=1000 ok=1
Cmd: initializeCompiler
Cmd: compileSnippet
  api=14 type=0 insize=12085 outsize=4584 kw=_ADDITIONAL_LIGHTS pd=UNITY_ENABLE_REFLECTION_BUFFERS UNITY_USE_DITHER_MASK_FOR_ALPHABLENDED_SHADOWS UNITY_PBS_USE_BRDF1 UNITY_SPECCUBE_BOX_PROJECTION UNITY_SPECCUBE_BLENDING UNITY_ENABLE_DETAIL_NORMALMAP SHADER_API_DESKTOP UNITY_COLORSPACE_GAMMA UNITY_LIGHT_PROBE_PROXY_VOLUME UNITY_LIGHTMAP_FULL_HDR ok=1
Cmd: compileSnippet
  api=14 type=0 insize=9231 outsize=2053 kw= pd=UNITY_ENABLE_REFLECTION_BUFFERS UNITY_USE_DITHER_MASK_FOR_ALPHABLENDED_SHADOWS UNITY_PBS_USE_BRDF1 UNITY_SPECCUBE_BOX_PROJECTION UNITY_SPECCUBE_BLENDING UNITY_ENABLE_DETAIL_NORMALMAP SHADER_API_DESKTOP UNITY_COLORSPACE_GAMMA UNITY_LIGHT_PROBE_PROXY_VOLUME UNITY_LIGHTMAP_FULL_HDR ok=1
Cmd: compileSnippet
  api=14 type=0 insize=1128 outsize=2450 kw= pd=UNITY_ENABLE_REFLECTION_BUFFERS UNITY_USE_DITHER_MASK_FOR_ALPHABLENDED_SHADOWS UNITY_PBS_USE_BRDF1 UNITY_SPECCUBE_BOX_PROJECTION UNITY_SPECCUBE_BLENDING UNITY_ENABLE_DETAIL_NORMALMAP SHADER_API_DESKTOP UNITY_COLORSPACE_GAMMA UNITY_LIGHT_PROBE_PROXY_VOLUME UNITY_LIGHTMAP_FULL_HDR ok=1
